2016-09-20 10:59:22 [INF] [初始化缓存...]
2016-09-20 10:59:22 [INF] [缓存表不存在，新建缓存表，表名为： sys]
2016-09-20 10:59:22 [DBG] [缓存表事件回调...事件类型： EVENT_TABLE_ADD]
2016-09-20 10:59:22 [INF] [缓存表不存在，新建缓存表，表名为： default]
2016-09-20 10:59:22 [DBG] [缓存表事件回调...事件类型： EVENT_TABLE_ADD]
2016-09-20 10:59:22 [INF] [初始化缓存完成]
2016-09-20 10:59:22 [INF] [初始化、加载持久化文件...]
2016-09-20 10:59:22 [INF] [加载本地持久化gdb文件，文件路径： ./data/dump.gdb]
2016-09-20 10:59:22 [ERR] [获取]
2016-09-20 10:59:22 [ERR] [解析gdb文件失败！ ERROR_TABLE_NAME]
2016-09-20 10:59:22 [ERR] [初始化、加载持久化文件失败！ ERROR_TABLE_NAME]
2016-09-20 10:59:22 [INF] [启动服务，端口号： 1334 ，连接超时时间： 3000]
2016-09-20 11:00:04 [INF] [初始化缓存...]
2016-09-20 11:00:04 [INF] [缓存表不存在，新建缓存表，表名为： sys]
2016-09-20 11:00:04 [DBG] [缓存表事件回调...事件类型： EVENT_TABLE_ADD]
2016-09-20 11:00:04 [INF] [缓存表不存在，新建缓存表，表名为： default]
2016-09-20 11:00:04 [DBG] [缓存表事件回调...事件类型： EVENT_TABLE_ADD]
2016-09-20 11:00:04 [INF] [初始化缓存完成]
2016-09-20 11:00:04 [INF] [初始化、加载持久化文件...]
2016-09-20 11:00:04 [INF] [加载本地持久化gdb文件，文件路径： ./data/dump.gdb]
2016-09-20 11:00:04 [ERR] [获取表失败！]
2016-09-20 11:00:04 [ERR] [解析gdb文件失败！ ERROR_TABLE_NAME]
2016-09-20 11:00:04 [ERR] [初始化、加载持久化文件失败！ ERROR_TABLE_NAME]
2016-09-20 11:00:04 [INF] [启动服务，端口号： 1334 ，连接超时时间： 3000]
2016-09-20 11:37:26 [INF] [初始化缓存...]
2016-09-20 11:37:26 [INF] [缓存表不存在，新建缓存表，表名为： sys]
2016-09-20 11:37:26 [DBG] [缓存表事件回调...事件类型： EVENT_TABLE_ADD]
2016-09-20 11:37:26 [INF] [缓存表不存在，新建缓存表，表名为： default]
2016-09-20 11:37:26 [DBG] [缓存表事件回调...事件类型： EVENT_TABLE_ADD]
2016-09-20 11:37:26 [INF] [初始化缓存完成]
2016-09-20 11:37:26 [INF] [初始化、加载持久化文件...]
2016-09-20 11:37:26 [INF] [加载本地持久化gdb文件，文件路径： ./data/dump.gdb]
2016-09-20 11:37:26 [INF] [gdb文件不存在，无需加载： ./data/dump.gdb]
2016-09-20 11:37:26 [ERR] [解析gdb文件失败！ invalid argument]
2016-09-20 11:37:26 [ERR] [初始化、加载持久化文件失败！ invalid argument]
2016-09-20 11:37:26 [INF] [启动服务，端口号： 1334 ，连接超时时间： 3000]
